<?xml version="1.0" encoding="UTF-8"?>
<!-- Generated by org.testng.reporters.JUnitXMLReporter -->
<testsuite ignored="0" hostname="anas-Lenovo-G50-70" failures="0" tests="3" name="Default test" time="7.247" errors="0" timestamp="2020-11-28T21:31:20 EET">
  <testcase classname="tests.UserRegistrationTest" name="userCanRegestrationSuccessfully" time="3.647"/>
  <testcase classname="tests.UserRegistrationTest" name="userCanLogut" time="0.969"/>
  <testcase classname="tests.UserRegistrationTest" name="userCanLogin" time="2.394"/>
</testsuite> <!-- Default test -->
